Using pre-set license
Built from '2021.3/staging' branch; Version is '2021.3.4f1 (cb45f9cae8b7) revision 13321721'; Using compiler version '192829333'; Build Type 'Release'
OS: 'Windows 10  (10.0.19044) 64bit Core' Language: 'fr' Physical Memory: 8050 MB
BatchMode: 1, IsHumanControllingUs: 0, StartBugReporterOnCrash: 0, Is64bit: 1, IsPro: 1

COMMAND LINE ARGUMENTS:
C:\Program Files\Unity\Hub\Editor\2021.3.4f1\Editor\Unity.exe
-adb2
-batchMode
-noUpm
-name
AssetImportWorker4
-projectPath
E:/___Formation Developpeur JV/_projet/Projet 4 Runner/Game/JurassicRunner
-logFile
Logs/AssetImportWorker4.log
-srvPort
64854
Successfully changed project path to: E:/___Formation Developpeur JV/_projet/Projet 4 Runner/Game/JurassicRunner
E:/___Formation Developpeur JV/_projet/Projet 4 Runner/Game/JurassicRunner
[UnityMemory] Configuration Parameters - Can be set up in boot.config
    "memorysetup-bucket-allocator-granularity=16"
    "memorysetup-bucket-allocator-bucket-count=8"
    "memorysetup-bucket-allocator-block-size=33554432"
    "memorysetup-bucket-allocator-block-count=8"
    "memorysetup-main-allocator-block-size=16777216"
    "memorysetup-thread-allocator-block-size=16777216"
    "memorysetup-gfx-main-allocator-block-size=16777216"
    "memorysetup-gfx-thread-allocator-block-size=16777216"
    "memorysetup-cache-allocator-block-size=4194304"
    "memorysetup-typetree-allocator-block-size=2097152"
    "memorysetup-profiler-bucket-allocator-granularity=16"
    "memorysetup-profiler-bucket-allocator-bucket-count=8"
    "memorysetup-profiler-bucket-allocator-block-size=33554432"
    "memorysetup-profiler-bucket-allocator-block-count=8"
    "memorysetup-profiler-allocator-block-size=16777216"
    "memorysetup-profiler-editor-allocator-block-size=1048576"
    "memorysetup-temp-allocator-size-main=16777216"
    "memorysetup-job-temp-allocator-block-size=2097152"
    "memorysetup-job-temp-allocator-block-size-background=1048576"
    "memorysetup-job-temp-allocator-reduction-small-platforms=262144"
    "memorysetup-temp-allocator-size-background-worker=32768"
    "memorysetup-temp-allocator-size-job-worker=262144"
    "memorysetup-temp-allocator-size-preload-manager=33554432"
    "memorysetup-temp-allocator-size-nav-mesh-worker=65536"
    "memorysetup-temp-allocator-size-audio-worker=65536"
    "memorysetup-temp-allocator-size-cloud-worker=32768"
    "memorysetup-temp-allocator-size-gi-baking-worker=262144"
    "memorysetup-temp-allocator-size-gfx=262144"
Refreshing native plugins compatible for Editor in 187.94 ms, found 3 plugins.
Preloading 0 native plugins for Editor in 0.00 ms.
Initialize engine version: 2021.3.4f1 (cb45f9cae8b7)
[Subsystems] Discovering subsystems at path C:/Program Files/Unity/Hub/Editor/2021.3.4f1/Editor/Data/Resources/UnitySubsystems
[Subsystems] Discovering subsystems at path E:/___Formation Developpeur JV/_projet/Projet 4 Runner/Game/JurassicRunner/Assets
GfxDevice: creating device client; threaded=0; jobified=0
Direct3D:
    Version:  Direct3D 11.0 [level 11.1]
    Renderer: NVIDIA GeForce GTX 1060 (ID=0x1c20)
    Vendor:   NVIDIA
    VRAM:     6052 MB
    Driver:   30.0.15.1169
Initialize mono
Mono path[0] = 'C:/Program Files/Unity/Hub/Editor/2021.3.4f1/Editor/Data/Managed'
Mono path[1] = 'C:/Program Files/Unity/Hub/Editor/2021.3.4f1/Editor/Data/MonoBleedingEdge/lib/mono/unityjit-win32'
Mono config path = 'C:/Program Files/Unity/Hub/Editor/2021.3.4f1/Editor/Data/MonoBleedingEdge/etc'
Using monoOptions --debugger-agent=transport=dt_socket,embedding=1,server=y,suspend=n,address=127.0.0.1:56912
Begin MonoManager ReloadAssembly
Registering precompiled unity dll's ...
Register platform support module: C:/Program Files/Unity/Hub/Editor/2021.3.4f1/Editor/Data/PlaybackEngines/WebGLSupport/UnityEditor.WebGL.Extensions.dll
Register platform support module: C:/Program Files/Unity/Hub/Editor/2021.3.4f1/Editor/Data/PlaybackEngines/WindowsStandaloneSupport/UnityEditor.WindowsStandalone.Extensions.dll
Registered in 0.014315 seconds.
Native extension for WindowsStandalone target not found
Native extension for WebGL target not found
Refreshing native plugins compatible for Editor in 244.14 ms, found 3 plugins.
Preloading 0 native plugins for Editor in 0.00 ms.
Mono: successfully reloaded assembly
- Completed reload, in  2.339 seconds
Domain Reload Profiling:
	ReloadAssembly (2341ms)
		BeginReloadAssembly (446ms)
			ExecutionOrderSort (0ms)
			DisableScriptedObjects (0ms)
			BackupInstance (0ms)
			ReleaseScriptingObjects (0ms)
			CreateAndSetChildDomain (4ms)
		EndReloadAssembly (1492ms)
			LoadAssemblies (429ms)
			RebuildTransferFunctionScriptingTraits (0ms)
			SetupTypeCache (153ms)
			ReleaseScriptCaches (0ms)
			RebuildScriptCaches (49ms)
			SetupLoadedEditorAssemblies (1192ms)
				LogAssemblyErrors (0ms)
				InitializePlatformSupportModulesInManaged (15ms)
				SetLoadedEditorAssemblies (0ms)
				RefreshPlugins (244ms)
				BeforeProcessingInitializeOnLoad (4ms)
				ProcessInitializeOnLoadAttributes (710ms)
				ProcessInitializeOnLoadMethodAttributes (218ms)
				AfterProcessingInitializeOnLoad (0ms)
				EditorAssembliesLoaded (0ms)
			ExecutionOrderSort2 (0ms)
			AwakeInstancesAfterBackupRestoration (0ms)
Platform modules already initialized, skipping
Registering precompiled user dll's ...
Registered in 0.025563 seconds.
Begin MonoManager ReloadAssembly
Symbol file LoadedFromMemory doesn't match image E:\___Formation Developpeur JV\_projet\Projet 4 Runner\Game\JurassicRunner\Library\PackageCache\com.unity.visualscripting@1.7.8\Editor\VisualScripting.Core\Dependencies\DotNetZip\Unity.VisualScripting.IonicZip.dll
Symbol file LoadedFromMemory doesn't match image E:\___Formation Developpeur JV\_projet\Projet 4 Runner\Game\JurassicRunner\Library\PackageCache\com.unity.visualscripting@1.7.8\Editor\VisualScripting.Core\Dependencies\YamlDotNet\Unity.VisualScripting.YamlDotNet.dll
Native extension for WindowsStandalone target not found
Native extension for WebGL target not found
Refreshing native plugins compatible for Editor in 3.08 ms, found 3 plugins.
Preloading 0 native plugins for Editor in 0.00 ms.
Package Manager log level set to [2]
Mono: successfully reloaded assembly
- Completed reload, in  5.254 seconds
Domain Reload Profiling:
	ReloadAssembly (5258ms)
		BeginReloadAssembly (574ms)
			ExecutionOrderSort (0ms)
			DisableScriptedObjects (27ms)
			BackupInstance (0ms)
			ReleaseScriptingObjects (1ms)
			CreateAndSetChildDomain (73ms)
		EndReloadAssembly (4089ms)
			LoadAssemblies (1240ms)
			RebuildTransferFunctionScriptingTraits (0ms)
			SetupTypeCache (861ms)
			ReleaseScriptCaches (2ms)
			RebuildScriptCaches (306ms)
			SetupLoadedEditorAssemblies (1511ms)
				LogAssemblyErrors (0ms)
				InitializePlatformSupportModulesInManaged (36ms)
				SetLoadedEditorAssemblies (3ms)
				RefreshPlugins (3ms)
				BeforeProcessingInitializeOnLoad (572ms)
				ProcessInitializeOnLoadAttributes (353ms)
				ProcessInitializeOnLoadMethodAttributes (497ms)
				AfterProcessingInitializeOnLoad (47ms)
				EditorAssembliesLoaded (1ms)
			ExecutionOrderSort2 (0ms)
			AwakeInstancesAfterBackupRestoration (30ms)
Platform modules already initialized, skipping
========================================================================
Worker process is ready to serve import requests
Launched and connected shader compiler UnityShaderCompiler.exe after 0.23 seconds
Refreshing native plugins compatible for Editor in 3.42 ms, found 3 plugins.
Preloading 0 native plugins for Editor in 0.00 ms.
Unloading 3909 Unused Serialized files (Serialized files now loaded: 0)
Unloading 63 unused Assets / (56.4 KB). Loaded Objects now: 4348.
Memory consumption went from 136.0 MB to 136.0 MB.
Total: 32.277000 ms (FindLiveObjects: 1.027700 ms CreateObjectMapping: 0.888000 ms MarkObjects: 29.989800 ms  DeleteObjects: 0.367000 ms)

AssetImportParameters requested are different than current active one (requested -> active):
  custom:video-decoder-ogg-theora: a1e56fd34408186e4bbccfd4996cb3dc -> 
  custom:container-muxer-webm: aa71ff27fc2769a1b78a27578f13a17b -> 
  custom:container-demuxer-webm: 4f35f7cbe854078d1ac9338744f61a02 -> 
  custom:video-encoder-webm-vp8: eb34c28f22e8b96e1ab97ce403110664 -> 
  custom:video-codec-MediaFoundation-h265: 746d11721c4dcdbdad8f713fa42b33f4 -> 
  custom:audio-encoder-webm-vorbis: bf7c407c2cedff20999df2af8eb42d56 -> 
  custom:framework-win-MediaFoundation: 216162199b28c13a410421893ffa2e32 -> 
  custom:container-demuxer-ogg: 62fdf1f143b41e24485cea50d1cbac27 -> 
  custom:video-decoder-webm-vp8: 9c59270c3fd7afecdb556c50c9e8de78 -> 
  custom:audio-decoder-ogg-vorbis: bf7c407c2cedff20999df2af8eb42d56 -> 
========================================================================
Received Import Request.
  Time since last request: 97241.328879 seconds.
  path: Assets/Models/IgniteCoders
  artifactKey: Guid(f916579c378b3814d86a610339a1c59c) Importer(815301076,1909f56bfc062723c751e8b465ee728b)
Start importing Assets/Models/IgniteCoders using Guid(f916579c378b3814d86a610339a1c59c) Importer(815301076,1909f56bfc062723c751e8b465ee728b)  -> (artifact id: '813e286b004580f31da99ff644bf08e1') in 0.026461 seconds 
========================================================================
Received Prepare
Registering precompiled user dll's ...
Registered in 0.009965 seconds.
Begin MonoManager ReloadAssembly
Symbol file LoadedFromMemory doesn't match image E:\___Formation Developpeur JV\_projet\Projet 4 Runner\Game\JurassicRunner\Library\PackageCache\com.unity.visualscripting@1.7.8\Editor\VisualScripting.Core\Dependencies\DotNetZip\Unity.VisualScripting.IonicZip.dll
Symbol file LoadedFromMemory doesn't match image E:\___Formation Developpeur JV\_projet\Projet 4 Runner\Game\JurassicRunner\Library\PackageCache\com.unity.visualscripting@1.7.8\Editor\VisualScripting.Core\Dependencies\YamlDotNet\Unity.VisualScripting.YamlDotNet.dll
Native extension for WindowsStandalone target not found
Native extension for WebGL target not found
Refreshing native plugins compatible for Editor in 2.83 ms, found 3 plugins.
Preloading 0 native plugins for Editor in 0.00 ms.
Mono: successfully reloaded assembly
- Completed reload, in  5.134 seconds
Domain Reload Profiling:
	ReloadAssembly (5136ms)
		BeginReloadAssembly (429ms)
			ExecutionOrderSort (0ms)
			DisableScriptedObjects (23ms)
			BackupInstance (0ms)
			ReleaseScriptingObjects (0ms)
			CreateAndSetChildDomain (110ms)
		EndReloadAssembly (4310ms)
			LoadAssemblies (1314ms)
			RebuildTransferFunctionScriptingTraits (0ms)
			SetupTypeCache (921ms)
			ReleaseScriptCaches (6ms)
			RebuildScriptCaches (214ms)
			SetupLoadedEditorAssemblies (1693ms)
				LogAssemblyErrors (0ms)
				InitializePlatformSupportModulesInManaged (56ms)
				SetLoadedEditorAssemblies (2ms)
				RefreshPlugins (3ms)
				BeforeProcessingInitializeOnLoad (361ms)
				ProcessInitializeOnLoadAttributes (719ms)
				ProcessInitializeOnLoadMethodAttributes (516ms)
				AfterProcessingInitializeOnLoad (37ms)
				EditorAssembliesLoaded (1ms)
			ExecutionOrderSort2 (0ms)
			AwakeInstancesAfterBackupRestoration (25ms)
Platform modules already initialized, skipping
Refreshing native plugins compatible for Editor in 59.26 ms, found 3 plugins.
Preloading 0 native plugins for Editor in 0.00 ms.
Unloading 3886 Unused Serialized files (Serialized files now loaded: 0)
Unloading 52 unused Assets / (25.6 KB). Loaded Objects now: 4351.
Memory consumption went from 134.2 MB to 134.2 MB.
Total: 33.561000 ms (FindLiveObjects: 1.003800 ms CreateObjectMapping: 0.763500 ms MarkObjects: 31.607600 ms  DeleteObjects: 0.181300 ms)

AssetImportParameters requested are different than current active one (requested -> active):
  custom:video-decoder-ogg-theora: a1e56fd34408186e4bbccfd4996cb3dc -> 
  custom:container-muxer-webm: aa71ff27fc2769a1b78a27578f13a17b -> 
  custom:container-demuxer-webm: 4f35f7cbe854078d1ac9338744f61a02 -> 
  custom:video-encoder-webm-vp8: eb34c28f22e8b96e1ab97ce403110664 -> 
  custom:video-codec-MediaFoundation-h265: 746d11721c4dcdbdad8f713fa42b33f4 -> 
  custom:audio-encoder-webm-vorbis: bf7c407c2cedff20999df2af8eb42d56 -> 
  custom:framework-win-MediaFoundation: 216162199b28c13a410421893ffa2e32 -> 
  custom:container-demuxer-ogg: 62fdf1f143b41e24485cea50d1cbac27 -> 
  custom:video-decoder-webm-vp8: 9c59270c3fd7afecdb556c50c9e8de78 -> 
  custom:audio-decoder-ogg-vorbis: bf7c407c2cedff20999df2af8eb42d56 -> 
========================================================================
Received Prepare
Registering precompiled user dll's ...
Registered in 0.012253 seconds.
Begin MonoManager ReloadAssembly
Symbol file LoadedFromMemory doesn't match image E:\___Formation Developpeur JV\_projet\Projet 4 Runner\Game\JurassicRunner\Library\PackageCache\com.unity.visualscripting@1.7.8\Editor\VisualScripting.Core\Dependencies\DotNetZip\Unity.VisualScripting.IonicZip.dll
Symbol file LoadedFromMemory doesn't match image E:\___Formation Developpeur JV\_projet\Projet 4 Runner\Game\JurassicRunner\Library\PackageCache\com.unity.visualscripting@1.7.8\Editor\VisualScripting.Core\Dependencies\YamlDotNet\Unity.VisualScripting.YamlDotNet.dll
Native extension for WindowsStandalone target not found
Native extension for WebGL target not found
Refreshing native plugins compatible for Editor in 1.81 ms, found 3 plugins.
Preloading 0 native plugins for Editor in 0.00 ms.
Mono: successfully reloaded assembly
- Completed reload, in  4.676 seconds
Domain Reload Profiling:
	ReloadAssembly (4679ms)
		BeginReloadAssembly (737ms)
			ExecutionOrderSort (0ms)
			DisableScriptedObjects (46ms)
			BackupInstance (0ms)
			ReleaseScriptingObjects (0ms)
			CreateAndSetChildDomain (185ms)
		EndReloadAssembly (3663ms)
			LoadAssemblies (455ms)
			RebuildTransferFunctionScriptingTraits (0ms)
			SetupTypeCache (880ms)
			ReleaseScriptCaches (4ms)
			RebuildScriptCaches (199ms)
			SetupLoadedEditorAssemblies (2058ms)
				LogAssemblyErrors (0ms)
				InitializePlatformSupportModulesInManaged (58ms)
				SetLoadedEditorAssemblies (1ms)
				RefreshPlugins (2ms)
				BeforeProcessingInitializeOnLoad (351ms)
				ProcessInitializeOnLoadAttributes (806ms)
				ProcessInitializeOnLoadMethodAttributes (770ms)
				AfterProcessingInitializeOnLoad (67ms)
				EditorAssembliesLoaded (1ms)
			ExecutionOrderSort2 (0ms)
			AwakeInstancesAfterBackupRestoration (48ms)
Platform modules already initialized, skipping
Refreshing native plugins compatible for Editor in 13.54 ms, found 3 plugins.
Preloading 0 native plugins for Editor in 0.00 ms.
Unloading 3886 Unused Serialized files (Serialized files now loaded: 0)
Unloading 52 unused Assets / (25.6 KB). Loaded Objects now: 4354.
Memory consumption went from 134.2 MB to 134.2 MB.
Total: 17.326000 ms (FindLiveObjects: 0.490600 ms CreateObjectMapping: 0.305600 ms MarkObjects: 16.441300 ms  DeleteObjects: 0.086100 ms)

AssetImportParameters requested are different than current active one (requested -> active):
  custom:video-decoder-ogg-theora: a1e56fd34408186e4bbccfd4996cb3dc -> 
  custom:container-muxer-webm: aa71ff27fc2769a1b78a27578f13a17b -> 
  custom:container-demuxer-webm: 4f35f7cbe854078d1ac9338744f61a02 -> 
  custom:video-encoder-webm-vp8: eb34c28f22e8b96e1ab97ce403110664 -> 
  custom:video-codec-MediaFoundation-h265: 746d11721c4dcdbdad8f713fa42b33f4 -> 
  custom:audio-encoder-webm-vorbis: bf7c407c2cedff20999df2af8eb42d56 -> 
  custom:framework-win-MediaFoundation: 216162199b28c13a410421893ffa2e32 -> 
  custom:container-demuxer-ogg: 62fdf1f143b41e24485cea50d1cbac27 -> 
  custom:video-decoder-webm-vp8: 9c59270c3fd7afecdb556c50c9e8de78 -> 
  custom:audio-decoder-ogg-vorbis: bf7c407c2cedff20999df2af8eb42d56 -> 
========================================================================
Received Import Request.
  Time since last request: 177.933974 seconds.
  path: Assets/Prefab/Road3.prefab
  artifactKey: Guid(371e72e3c7567424999f8d0fceccd98e) Importer(815301076,1909f56bfc062723c751e8b465ee728b)
Start importing Assets/Prefab/Road3.prefab using Guid(371e72e3c7567424999f8d0fceccd98e) Importer(815301076,1909f56bfc062723c751e8b465ee728b)  -> (artifact id: '191bce597f78567d25e2327d6120174e') in 0.652032 seconds 
========================================================================
Received Import Request.
  Time since last request: 6.093811 seconds.
  path: Assets/Prefab/Road3.prefab
  artifactKey: Guid(371e72e3c7567424999f8d0fceccd98e) Importer(815301076,1909f56bfc062723c751e8b465ee728b)
Start importing Assets/Prefab/Road3.prefab using Guid(371e72e3c7567424999f8d0fceccd98e) Importer(815301076,1909f56bfc062723c751e8b465ee728b)  -> (artifact id: '9d6b9ec1d7d057145e24e8d9cbe29a60') in 0.050232 seconds 
========================================================================
Received Import Request.
  Time since last request: 102.870814 seconds.
  path: Assets/Models/Stylized Water For URP
  artifactKey: Guid(1f8eaa49bd8b19d4b8855f8f106616fb) Importer(815301076,1909f56bfc062723c751e8b465ee728b)
Start importing Assets/Models/Stylized Water For URP using Guid(1f8eaa49bd8b19d4b8855f8f106616fb) Importer(815301076,1909f56bfc062723c751e8b465ee728b)  -> (artifact id: '73e0118107f2d39715fd5e212091234f') in 0.014117 seconds 
========================================================================
Received Import Request.
  Time since last request: 1.467627 seconds.
  path: Assets/Models/Stylized Water For URP/Materials
  artifactKey: Guid(30fa73f1059aa104fa46f2a928ca6a19) Importer(815301076,1909f56bfc062723c751e8b465ee728b)
Start importing Assets/Models/Stylized Water For URP/Materials using Guid(30fa73f1059aa104fa46f2a928ca6a19) Importer(815301076,1909f56bfc062723c751e8b465ee728b)  -> (artifact id: 'cc9f7b564ae75932cddee4d77d838f1a') in 0.019735 seconds 
========================================================================
Received Import Request.
  Time since last request: 0.123750 seconds.
  path: Assets/Models/Stylized Water For URP/Materials/Beach.mat
  artifactKey: Guid(8aaa66d84e5e3734c9d80569abe197e6) Importer(815301076,1909f56bfc062723c751e8b465ee728b)
Start importing Assets/Models/Stylized Water For URP/Materials/Beach.mat using Guid(8aaa66d84e5e3734c9d80569abe197e6) Importer(815301076,1909f56bfc062723c751e8b465ee728b)  -> (artifact id: '7f3ee62790270caad48d0c1c99a755a4') in 0.167774 seconds 
========================================================================
Received Import Request.
  Time since last request: 0.000050 seconds.
  path: Assets/Models/Stylized Water For URP/Materials/Underwater.mat
  artifactKey: Guid(a0f631408cd8dc04c926f4f7d32f27d4) Importer(815301076,1909f56bfc062723c751e8b465ee728b)
Start importing Assets/Models/Stylized Water For URP/Materials/Underwater.mat using Guid(a0f631408cd8dc04c926f4f7d32f27d4) Importer(815301076,1909f56bfc062723c751e8b465ee728b)  -> (artifact id: '10ed387f2ab365c3a500e29cf995a63c') in 0.054855 seconds 
========================================================================
Received Import Request.
  Time since last request: 0.000077 seconds.
  path: Assets/Models/Stylized Water For URP/Materials/Wavy.mat
  artifactKey: Guid(55017f1a01259744a8e40a41b5c5920d) Importer(815301076,1909f56bfc062723c751e8b465ee728b)
Start importing Assets/Models/Stylized Water For URP/Materials/Wavy.mat using Guid(55017f1a01259744a8e40a41b5c5920d) Importer(815301076,1909f56bfc062723c751e8b465ee728b)  -> (artifact id: '7f432961a371826a700ea5c708566f8d') in 0.074971 seconds 
========================================================================
Received Import Request.
  Time since last request: 9.991671 seconds.
  path: Assets/Models/Stylized Water For URP/Textures
  artifactKey: Guid(e4aca986328afab4e89c92a446cf3474) Importer(815301076,1909f56bfc062723c751e8b465ee728b)
Start importing Assets/Models/Stylized Water For URP/Textures using Guid(e4aca986328afab4e89c92a446cf3474) Importer(815301076,1909f56bfc062723c751e8b465ee728b)  -> (artifact id: '682821ac6120d05743ee43671fb83045') in 0.015065 seconds 
========================================================================
Received Import Request.
  Time since last request: 2.836955 seconds.
  path: Assets/Models/Stylized Water For URP/Textures/Normals
  artifactKey: Guid(82d379aabc8a7044b90ad308ffac1d96) Importer(815301076,1909f56bfc062723c751e8b465ee728b)
Start importing Assets/Models/Stylized Water For URP/Textures/Normals using Guid(82d379aabc8a7044b90ad308ffac1d96) Importer(815301076,1909f56bfc062723c751e8b465ee728b)  -> (artifact id: 'd4031990341b4eb465aadcd9e248f4a3') in 0.017619 seconds 
========================================================================
Received Import Request.
  Time since last request: 0.093935 seconds.
  path: Assets/Models/Stylized Water For URP/Textures/Normals/Normals 1.png
  artifactKey: Guid(a41da5f5671718b47bbc71e9ef691103) Importer(815301076,1909f56bfc062723c751e8b465ee728b)
Start importing Assets/Models/Stylized Water For URP/Textures/Normals/Normals 1.png using Guid(a41da5f5671718b47bbc71e9ef691103) Importer(815301076,1909f56bfc062723c751e8b465ee728b)  -> (artifact id: '4ab29f689eaa1b4d120674e88115c229') in 0.087272 seconds 
========================================================================
Received Import Request.
  Time since last request: 0.000035 seconds.
  path: Assets/Models/Stylized Water For URP/Textures/Normals/Normals 3.png
  artifactKey: Guid(f19bc2945cd1d724e92c1bcf2b70cab3) Importer(815301076,1909f56bfc062723c751e8b465ee728b)
Start importing Assets/Models/Stylized Water For URP/Textures/Normals/Normals 3.png using Guid(f19bc2945cd1d724e92c1bcf2b70cab3) Importer(815301076,1909f56bfc062723c751e8b465ee728b)  -> (artifact id: '6f58208fafdc37dbe4d71df5e0410e48') in 0.037264 seconds 
========================================================================
Received Import Request.
  Time since last request: 0.000063 seconds.
  path: Assets/Models/Stylized Water For URP/Textures/Normals/Normals 4.png
  artifactKey: Guid(746d7c598bbd4e346af730641ebd6cde) Importer(815301076,1909f56bfc062723c751e8b465ee728b)
Start importing Assets/Models/Stylized Water For URP/Textures/Normals/Normals 4.png using Guid(746d7c598bbd4e346af730641ebd6cde) Importer(815301076,1909f56bfc062723c751e8b465ee728b)  -> (artifact id: '058032d7e5f7e7b1b2b18b33d1c71fb5') in 0.042460 seconds 
========================================================================
Received Import Request.
  Time since last request: 12.955189 seconds.
  path: Assets/Models/Stylized Water For URP/Textures/Normals/Materials
  artifactKey: Guid(3ff0f9acba68c1f44899aa626b18191f) Importer(815301076,1909f56bfc062723c751e8b465ee728b)
Start importing Assets/Models/Stylized Water For URP/Textures/Normals/Materials using Guid(3ff0f9acba68c1f44899aa626b18191f) Importer(815301076,1909f56bfc062723c751e8b465ee728b)  -> (artifact id: '61bf1362cc5af53b1ffb51543e273f91') in 0.003615 seconds 
========================================================================
Received Import Request.
  Time since last request: 0.114540 seconds.
  path: Assets/Models/Stylized Water For URP/Textures/Normals/Materials/Normals 1.mat
  artifactKey: Guid(18f40fc726f5d404ea6216986160c3a9) Importer(815301076,1909f56bfc062723c751e8b465ee728b)
Start importing Assets/Models/Stylized Water For URP/Textures/Normals/Materials/Normals 1.mat using Guid(18f40fc726f5d404ea6216986160c3a9) Importer(815301076,1909f56bfc062723c751e8b465ee728b)  -> (artifact id: '959795df99b4119181fdd69a9f0ce8e0') in 0.026758 seconds 
========================================================================
Received Import Request.
  Time since last request: 11.498140 seconds.
  path: Assets/Models/Stylized Water For URP/Demos
  artifactKey: Guid(8e19800886586cb47a831cf8649a53c9) Importer(815301076,1909f56bfc062723c751e8b465ee728b)
Start importing Assets/Models/Stylized Water For URP/Demos using Guid(8e19800886586cb47a831cf8649a53c9) Importer(815301076,1909f56bfc062723c751e8b465ee728b)  -> (artifact id: '34adc8998b2002c644eb376a3109ce60') in 0.030618 seconds 
========================================================================
Received Import Request.
  Time since last request: 0.000103 seconds.
  path: Assets/Models/Stylized Water For URP/Demos/URP Pipeline.asset
  artifactKey: Guid(d08d737d809248046b7aba7d3bb3b1cc) Importer(815301076,1909f56bfc062723c751e8b465ee728b)
Start importing Assets/Models/Stylized Water For URP/Demos/URP Pipeline.asset using Guid(d08d737d809248046b7aba7d3bb3b1cc) Importer(815301076,1909f56bfc062723c751e8b465ee728b)  -> (artifact id: 'c59e4f83b695bb27560308c91db1582f') in 0.031722 seconds 
========================================================================
Received Import Request.
  Time since last request: 4.730752 seconds.
  path: Assets/Models/Stylized Water For URP/Shaders
  artifactKey: Guid(8eca2f6b270d77e4c8a8ad90c5ec0089) Importer(815301076,1909f56bfc062723c751e8b465ee728b)
Start importing Assets/Models/Stylized Water For URP/Shaders using Guid(8eca2f6b270d77e4c8a8ad90c5ec0089) Importer(815301076,1909f56bfc062723c751e8b465ee728b)  -> (artifact id: '27a902492c667655ef7677d046ff86e3') in 0.022543 seconds 
========================================================================
Received Prepare
Registering precompiled user dll's ...
Registered in 0.009677 seconds.
Begin MonoManager ReloadAssembly
Symbol file LoadedFromMemory doesn't match image E:\___Formation Developpeur JV\_projet\Projet 4 Runner\Game\JurassicRunner\Library\PackageCache\com.unity.visualscripting@1.7.8\Editor\VisualScripting.Core\Dependencies\DotNetZip\Unity.VisualScripting.IonicZip.dll
Symbol file LoadedFromMemory doesn't match image E:\___Formation Developpeur JV\_projet\Projet 4 Runner\Game\JurassicRunner\Library\PackageCache\com.unity.visualscripting@1.7.8\Editor\VisualScripting.Core\Dependencies\YamlDotNet\Unity.VisualScripting.YamlDotNet.dll
Native extension for WindowsStandalone target not found
Native extension for WebGL target not found
Refreshing native plugins compatible for Editor in 1.83 ms, found 3 plugins.
Preloading 0 native plugins for Editor in 0.00 ms.
Mono: successfully reloaded assembly
- Completed reload, in  3.837 seconds
Domain Reload Profiling:
	ReloadAssembly (3839ms)
		BeginReloadAssembly (440ms)
			ExecutionOrderSort (0ms)
			DisableScriptedObjects (20ms)
			BackupInstance (0ms)
			ReleaseScriptingObjects (0ms)
			CreateAndSetChildDomain (120ms)
		EndReloadAssembly (3029ms)
			LoadAssemblies (294ms)
			RebuildTransferFunctionScriptingTraits (0ms)
			SetupTypeCache (696ms)
			ReleaseScriptCaches (5ms)
			RebuildScriptCaches (210ms)
			SetupLoadedEditorAssemblies (1713ms)
				LogAssemblyErrors (0ms)
				InitializePlatformSupportModulesInManaged (61ms)
				SetLoadedEditorAssemblies (1ms)
				RefreshPlugins (2ms)
				BeforeProcessingInitializeOnLoad (345ms)
				ProcessInitializeOnLoadAttributes (698ms)
				ProcessInitializeOnLoadMethodAttributes (566ms)
				AfterProcessingInitializeOnLoad (39ms)
				EditorAssembliesLoaded (1ms)
			ExecutionOrderSort2 (0ms)
			AwakeInstancesAfterBackupRestoration (25ms)
Platform modules already initialized, skipping
Refreshing native plugins compatible for Editor in 14.01 ms, found 3 plugins.
Preloading 0 native plugins for Editor in 0.00 ms.
Unloading 3886 Unused Serialized files (Serialized files now loaded: 0)
Unloading 52 unused Assets / (25.7 KB). Loaded Objects now: 4401.
Memory consumption went from 139.0 MB to 138.9 MB.
Total: 15.148600 ms (FindLiveObjects: 0.499600 ms CreateObjectMapping: 0.284700 ms MarkObjects: 14.290000 ms  DeleteObjects: 0.071500 ms)

AssetImportParameters requested are different than current active one (requested -> active):
  custom:video-decoder-ogg-theora: a1e56fd34408186e4bbccfd4996cb3dc -> 
  custom:container-muxer-webm: aa71ff27fc2769a1b78a27578f13a17b -> 
  custom:container-demuxer-webm: 4f35f7cbe854078d1ac9338744f61a02 -> 
  custom:video-encoder-webm-vp8: eb34c28f22e8b96e1ab97ce403110664 -> 
  custom:video-codec-MediaFoundation-h265: 746d11721c4dcdbdad8f713fa42b33f4 -> 
  custom:audio-encoder-webm-vorbis: bf7c407c2cedff20999df2af8eb42d56 -> 
  custom:framework-win-MediaFoundation: 216162199b28c13a410421893ffa2e32 -> 
  custom:container-demuxer-ogg: 62fdf1f143b41e24485cea50d1cbac27 -> 
  custom:video-decoder-webm-vp8: 9c59270c3fd7afecdb556c50c9e8de78 -> 
  custom:audio-decoder-ogg-vorbis: bf7c407c2cedff20999df2af8eb42d56 -> 
========================================================================
Received Import Request.
  Time since last request: 38.701298 seconds.
  path: Assets/Models/MobileDinosaurPack/3D_Meshes/Materials/Ankylosaurus_Diffuse.mat
  artifactKey: Guid(366afbec205a13d489cdc575c1eb251e) Importer(815301076,1909f56bfc062723c751e8b465ee728b)
Start importing Assets/Models/MobileDinosaurPack/3D_Meshes/Materials/Ankylosaurus_Diffuse.mat using Guid(366afbec205a13d489cdc575c1eb251e) Importer(815301076,1909f56bfc062723c751e8b465ee728b)  -> (artifact id: 'ac400f46da283bc81c3a937ead6af9e8') in 0.616238 seconds 
========================================================================
Received Import Request.
  Time since last request: 0.000095 seconds.
  path: Assets/Models/Wood products/Materials/Box.mat
  artifactKey: Guid(1fec9a42e3c016d4cbd9b37059b40752) Importer(815301076,1909f56bfc062723c751e8b465ee728b)
Start importing Assets/Models/Wood products/Materials/Box.mat using Guid(1fec9a42e3c016d4cbd9b37059b40752) Importer(815301076,1909f56bfc062723c751e8b465ee728b)  -> (artifact id: '4193058b5739d48dad3067f000c6d824') in 0.282549 seconds 
========================================================================
Received Import Request.
  Time since last request: 0.000068 seconds.
  path: Assets/Models/Wood products/Materials/Doska.mat
  artifactKey: Guid(b6540734d6b6d1e4ab82190bddeb1c5a) Importer(815301076,1909f56bfc062723c751e8b465ee728b)
Start importing Assets/Models/Wood products/Materials/Doska.mat using Guid(b6540734d6b6d1e4ab82190bddeb1c5a) Importer(815301076,1909f56bfc062723c751e8b465ee728b)  -> (artifact id: 'e0c5701ac0b5bba0deefcd6fe8ce1e31') in 0.208185 seconds 
========================================================================
Received Import Request.
  Time since last request: 0.000048 seconds.
  path: Assets/Models/MobileDinosaurPack/3D_Meshes/Materials/Stegosaurus_Diffuse.mat
  artifactKey: Guid(d436d92837bba454fb9eed93bdbaf4c5) Importer(815301076,1909f56bfc062723c751e8b465ee728b)
Start importing Assets/Models/MobileDinosaurPack/3D_Meshes/Materials/Stegosaurus_Diffuse.mat using Guid(d436d92837bba454fb9eed93bdbaf4c5) Importer(815301076,1909f56bfc062723c751e8b465ee728b)  -> (artifact id: '43eadfd05e81ad17a5563ba52065f629') in 0.146903 seconds 
========================================================================
Received Import Request.
  Time since last request: 0.000054 seconds.
  path: Assets/Models/Wood products/Materials/Crate.mat
  artifactKey: Guid(97429fb59f97eff41870a03268f27a45) Importer(815301076,1909f56bfc062723c751e8b465ee728b)
Start importing Assets/Models/Wood products/Materials/Crate.mat using Guid(97429fb59f97eff41870a03268f27a45) Importer(815301076,1909f56bfc062723c751e8b465ee728b)  -> (artifact id: '5bf2ab205ca4fc4e4c85c7990b06d4b5') in 0.196131 seconds 
========================================================================
Received Import Request.
  Time since last request: 0.000100 seconds.
  path: Assets/Models/MobileDinosaurPack/3D_Meshes/Materials/Stegosaurus_Diffuse 1.mat
  artifactKey: Guid(9e8c018e2dd50734da0ed80cc7b72797) Importer(815301076,1909f56bfc062723c751e8b465ee728b)
Start importing Assets/Models/MobileDinosaurPack/3D_Meshes/Materials/Stegosaurus_Diffuse 1.mat using Guid(9e8c018e2dd50734da0ed80cc7b72797) Importer(815301076,1909f56bfc062723c751e8b465ee728b)  -> (artifact id: 'b7f47655ac9c180c430c755eae16b09f') in 0.061838 seconds 
========================================================================
Received Import Request.
  Time since last request: 0.000062 seconds.
  path: Assets/Models/MobileDinosaurPack/3D_Meshes/Materials/Brachiosaurus_Diffuse.mat
  artifactKey: Guid(03d38e96865ba8c4aa4b04b97c2f963e) Importer(815301076,1909f56bfc062723c751e8b465ee728b)
Start importing Assets/Models/MobileDinosaurPack/3D_Meshes/Materials/Brachiosaurus_Diffuse.mat using Guid(03d38e96865ba8c4aa4b04b97c2f963e) Importer(815301076,1909f56bfc062723c751e8b465ee728b)  -> (artifact id: '808ec96c7146bf5b13f651608a05249a') in 0.128150 seconds 
========================================================================
Received Import Request.
  Time since last request: 0.000059 seconds.
  path: Assets/Models/Wood products/Materials/Crate_big.mat
  artifactKey: Guid(b932dc2eaaa517c4aa0f8d6d7be5ef12) Importer(815301076,1909f56bfc062723c751e8b465ee728b)
Start importing Assets/Models/Wood products/Materials/Crate_big.mat using Guid(b932dc2eaaa517c4aa0f8d6d7be5ef12) Importer(815301076,1909f56bfc062723c751e8b465ee728b)  -> (artifact id: '326a137f4d189f4dff545cb6c09a5a31') in 0.150224 seconds 
========================================================================
Received Import Request.
  Time since last request: 0.000026 seconds.
  path: Assets/TextMesh Pro/Resources/Fonts & Materials/LiberationSans SDF - Fallback.asset
  artifactKey: Guid(2e498d1c8094910479dc3e1b768306a4) Importer(815301076,1909f56bfc062723c751e8b465ee728b)
Start importing Assets/TextMesh Pro/Resources/Fonts & Materials/LiberationSans SDF - Fallback.asset using Guid(2e498d1c8094910479dc3e1b768306a4) Importer(815301076,1909f56bfc062723c751e8b465ee728b)  -> (artifact id: 'b165b2fd94449fd5247aaa0909a42376') in 0.081598 seconds 
========================================================================
Received Import Request.
  Time since last request: 0.000049 seconds.
  path: Assets/Models/MobileDinosaurPack/3D_Meshes/Materials/Stegosaurus_Diffuse 3.mat
  artifactKey: Guid(273eac6542e65854f8c3c585dc383a6b) Importer(815301076,1909f56bfc062723c751e8b465ee728b)
Start importing Assets/Models/MobileDinosaurPack/3D_Meshes/Materials/Stegosaurus_Diffuse 3.mat using Guid(273eac6542e65854f8c3c585dc383a6b) Importer(815301076,1909f56bfc062723c751e8b465ee728b)  -> (artifact id: '75cf3f3a1fd4ef9db6fdf3614e567b45') in 0.053484 seconds 
========================================================================
Received Import Request.
  Time since last request: 0.000036 seconds.
  path: Assets/TextMesh Pro/Resources/Fonts & Materials/LiberationSans SDF - Drop Shadow.mat
  artifactKey: Guid(e73a58f6e2794ae7b1b7e50b7fb811b0) Importer(815301076,1909f56bfc062723c751e8b465ee728b)
Start importing Assets/TextMesh Pro/Resources/Fonts & Materials/LiberationSans SDF - Drop Shadow.mat using Guid(e73a58f6e2794ae7b1b7e50b7fb811b0) Importer(815301076,1909f56bfc062723c751e8b465ee728b)  -> (artifact id: '336a13eeda4fcc0d4fd664d5e26cbfac') in 0.188019 seconds 
========================================================================
Received Import Request.
  Time since last request: 0.000030 seconds.
  path: Assets/TextMesh Pro/Resources/Fonts & Materials/LiberationSans SDF.asset
  artifactKey: Guid(8f586378b4e144a9851e7b34d9b748ee) Importer(815301076,1909f56bfc062723c751e8b465ee728b)
Start importing Assets/TextMesh Pro/Resources/Fonts & Materials/LiberationSans SDF.asset using Guid(8f586378b4e144a9851e7b34d9b748ee) Importer(815301076,1909f56bfc062723c751e8b465ee728b)  -> (artifact id: '88ffedb4bf19227e436b4625aa24aa32') in 0.068999 seconds 
========================================================================
Received Import Request.
  Time since last request: 0.000057 seconds.
  path: Assets/Models/MobileDinosaurPack/3D_Meshes/Materials/Velociraptor_Diffuse.mat
  artifactKey: Guid(532092dd6abd0f742a0aa3df20af25b5) Importer(815301076,1909f56bfc062723c751e8b465ee728b)
Start importing Assets/Models/MobileDinosaurPack/3D_Meshes/Materials/Velociraptor_Diffuse.mat using Guid(532092dd6abd0f742a0aa3df20af25b5) Importer(815301076,1909f56bfc062723c751e8b465ee728b)  -> (artifact id: '97169a46b09d73aa1a7b8ff4d9f21541') in 0.026937 seconds 
========================================================================
Received Import Request.
  Time since last request: 0.000027 seconds.
  path: Assets/Models/MobileDinosaurPack/3D_Meshes/Materials/T_Rex_Diffuse.mat
  artifactKey: Guid(d95d93f8cb83f4b468183ca329b6588b) Importer(815301076,1909f56bfc062723c751e8b465ee728b)
Start importing Assets/Models/MobileDinosaurPack/3D_Meshes/Materials/T_Rex_Diffuse.mat using Guid(d95d93f8cb83f4b468183ca329b6588b) Importer(815301076,1909f56bfc062723c751e8b465ee728b)  -> (artifact id: '88839d1a46a5c57389d247aa368e2aba') in 0.098165 seconds 
========================================================================
Received Prepare
Registering precompiled user dll's ...
Registered in 0.013976 seconds.
Begin MonoManager ReloadAssembly
Symbol file LoadedFromMemory doesn't match image E:\___Formation Developpeur JV\_projet\Projet 4 Runner\Game\JurassicRunner\Library\PackageCache\com.unity.visualscripting@1.7.8\Editor\VisualScripting.Core\Dependencies\DotNetZip\Unity.VisualScripting.IonicZip.dll
Symbol file LoadedFromMemory doesn't match image E:\___Formation Developpeur JV\_projet\Projet 4 Runner\Game\JurassicRunner\Library\PackageCache\com.unity.visualscripting@1.7.8\Editor\VisualScripting.Core\Dependencies\YamlDotNet\Unity.VisualScripting.YamlDotNet.dll
Native extension for WindowsStandalone target not found
Native extension for WebGL target not found
Refreshing native plugins compatible for Editor in 1.91 ms, found 3 plugins.
Preloading 0 native plugins for Editor in 0.00 ms.
Mono: successfully reloaded assembly
- Completed reload, in  4.606 seconds
Domain Reload Profiling:
	ReloadAssembly (4609ms)
		BeginReloadAssembly (251ms)
			ExecutionOrderSort (0ms)
			DisableScriptedObjects (10ms)
			BackupInstance (0ms)
			ReleaseScriptingObjects (0ms)
			CreateAndSetChildDomain (70ms)
		EndReloadAssembly (3894ms)
			LoadAssemblies (245ms)
			RebuildTransferFunctionScriptingTraits (0ms)
			SetupTypeCache (975ms)
			ReleaseScriptCaches (4ms)
			RebuildScriptCaches (193ms)
			SetupLoadedEditorAssemblies (2231ms)
				LogAssemblyErrors (0ms)
				InitializePlatformSupportModulesInManaged (57ms)
				SetLoadedEditorAssemblies (2ms)
				RefreshPlugins (2ms)
				BeforeProcessingInitializeOnLoad (498ms)
				ProcessInitializeOnLoadAttributes (1029ms)
				ProcessInitializeOnLoadMethodAttributes (570ms)
				AfterProcessingInitializeOnLoad (71ms)
				EditorAssembliesLoaded (1ms)
			ExecutionOrderSort2 (0ms)
			AwakeInstancesAfterBackupRestoration (41ms)
Platform modules already initialized, skipping
Refreshing native plugins compatible for Editor in 14.92 ms, found 3 plugins.
Preloading 0 native plugins for Editor in 0.00 ms.
Unloading 3886 Unused Serialized files (Serialized files now loaded: 0)
Unloading 52 unused Assets / (25.6 KB). Loaded Objects now: 4407.
Memory consumption went from 139.5 MB to 139.4 MB.
Total: 15.924200 ms (FindLiveObjects: 0.727200 ms CreateObjectMapping: 0.298800 ms MarkObjects: 14.818400 ms  DeleteObjects: 0.077100 ms)

AssetImportParameters requested are different than current active one (requested -> active):
  custom:video-decoder-ogg-theora: a1e56fd34408186e4bbccfd4996cb3dc -> 
  custom:container-muxer-webm: aa71ff27fc2769a1b78a27578f13a17b -> 
  custom:container-demuxer-webm: 4f35f7cbe854078d1ac9338744f61a02 -> 
  custom:video-encoder-webm-vp8: eb34c28f22e8b96e1ab97ce403110664 -> 
  custom:video-codec-MediaFoundation-h265: 746d11721c4dcdbdad8f713fa42b33f4 -> 
  custom:audio-encoder-webm-vorbis: bf7c407c2cedff20999df2af8eb42d56 -> 
  custom:framework-win-MediaFoundation: 216162199b28c13a410421893ffa2e32 -> 
  custom:container-demuxer-ogg: 62fdf1f143b41e24485cea50d1cbac27 -> 
  custom:video-decoder-webm-vp8: 9c59270c3fd7afecdb556c50c9e8de78 -> 
  custom:audio-decoder-ogg-vorbis: bf7c407c2cedff20999df2af8eb42d56 -> 
========================================================================
Received Prepare
Registering precompiled user dll's ...
Registered in 0.010946 seconds.
Begin MonoManager ReloadAssembly
Symbol file LoadedFromMemory doesn't match image E:\___Formation Developpeur JV\_projet\Projet 4 Runner\Game\JurassicRunner\Library\PackageCache\com.unity.visualscripting@1.7.8\Editor\VisualScripting.Core\Dependencies\DotNetZip\Unity.VisualScripting.IonicZip.dll
Symbol file LoadedFromMemory doesn't match image E:\___Formation Developpeur JV\_projet\Projet 4 Runner\Game\JurassicRunner\Library\PackageCache\com.unity.visualscripting@1.7.8\Editor\VisualScripting.Core\Dependencies\YamlDotNet\Unity.VisualScripting.YamlDotNet.dll
Native extension for WindowsStandalone target not found
Native extension for WebGL target not found
Refreshing native plugins compatible for Editor in 3.08 ms, found 3 plugins.
Preloading 0 native plugins for Editor in 0.00 ms.
Mono: successfully reloaded assembly
- Completed reload, in  5.696 seconds
Domain Reload Profiling:
	ReloadAssembly (5698ms)
		BeginReloadAssembly (409ms)
			ExecutionOrderSort (0ms)
			DisableScriptedObjects (27ms)
			BackupInstance (0ms)
			ReleaseScriptingObjects (0ms)
			CreateAndSetChildDomain (122ms)
		EndReloadAssembly (4840ms)
			LoadAssemblies (267ms)
			RebuildTransferFunctionScriptingTraits (0ms)
			SetupTypeCache (1526ms)
			ReleaseScriptCaches (6ms)
			RebuildScriptCaches (324ms)
			SetupLoadedEditorAssemblies (2357ms)
				LogAssemblyErrors (0ms)
				InitializePlatformSupportModulesInManaged (93ms)
				SetLoadedEditorAssemblies (4ms)
				RefreshPlugins (3ms)
				BeforeProcessingInitializeOnLoad (628ms)
				ProcessInitializeOnLoadAttributes (1025ms)
				ProcessInitializeOnLoadMethodAttributes (563ms)
				AfterProcessingInitializeOnLoad (41ms)
				EditorAssembliesLoaded (1ms)
			ExecutionOrderSort2 (0ms)
			AwakeInstancesAfterBackupRestoration (25ms)
Platform modules already initialized, skipping
Refreshing native plugins compatible for Editor in 10.21 ms, found 3 plugins.
Preloading 0 native plugins for Editor in 0.00 ms.
Unloading 3886 Unused Serialized files (Serialized files now loaded: 0)
Unloading 52 unused Assets / (25.7 KB). Loaded Objects now: 4410.
Memory consumption went from 139.5 MB to 139.5 MB.
Total: 16.228600 ms (FindLiveObjects: 0.556800 ms CreateObjectMapping: 0.449700 ms MarkObjects: 15.141500 ms  DeleteObjects: 0.077800 ms)

AssetImportParameters requested are different than current active one (requested -> active):
  custom:video-decoder-ogg-theora: a1e56fd34408186e4bbccfd4996cb3dc -> 
  custom:container-muxer-webm: aa71ff27fc2769a1b78a27578f13a17b -> 
  custom:container-demuxer-webm: 4f35f7cbe854078d1ac9338744f61a02 -> 
  custom:video-encoder-webm-vp8: eb34c28f22e8b96e1ab97ce403110664 -> 
  custom:video-codec-MediaFoundation-h265: 746d11721c4dcdbdad8f713fa42b33f4 -> 
  custom:audio-encoder-webm-vorbis: bf7c407c2cedff20999df2af8eb42d56 -> 
  custom:framework-win-MediaFoundation: 216162199b28c13a410421893ffa2e32 -> 
  custom:container-demuxer-ogg: 62fdf1f143b41e24485cea50d1cbac27 -> 
  custom:video-decoder-webm-vp8: 9c59270c3fd7afecdb556c50c9e8de78 -> 
  custom:audio-decoder-ogg-vorbis: bf7c407c2cedff20999df2af8eb42d56 -> 
========================================================================
Received Import Request.
  Time since last request: 583.496395 seconds.
  path: Assets/Prefab/Road3.prefab
  artifactKey: Guid(371e72e3c7567424999f8d0fceccd98e) Importer(815301076,1909f56bfc062723c751e8b465ee728b)
Start importing Assets/Prefab/Road3.prefab using Guid(371e72e3c7567424999f8d0fceccd98e) Importer(815301076,1909f56bfc062723c751e8b465ee728b)  -> (artifact id: '913d4b3af7331033cdbb531aeb65b1c7') in 0.123920 seconds 
========================================================================
Received Import Request.
  Time since last request: 14.750464 seconds.
  path: Assets/Models/Assets_FenceChained/prefabs/chainlink_barbwire-1.prefab
  artifactKey: Guid(7bf1a4b26f0d5e7419b64deced1cecd3) Importer(815301076,1909f56bfc062723c751e8b465ee728b)
Start importing Assets/Models/Assets_FenceChained/prefabs/chainlink_barbwire-1.prefab using Guid(7bf1a4b26f0d5e7419b64deced1cecd3) Importer(815301076,1909f56bfc062723c751e8b465ee728b)  -> (artifact id: '1409dcbdc53afc14da40754b39c716da') in 0.298462 seconds 
========================================================================
Received Import Request.
  Time since last request: 0.000022 seconds.
  path: Assets/Models/Assets_FenceChained/prefabs/chainlink_group-1.prefab
  artifactKey: Guid(2ebdc32c603c0f74a8df3ff23c55e8e0) Importer(815301076,1909f56bfc062723c751e8b465ee728b)
Start importing Assets/Models/Assets_FenceChained/prefabs/chainlink_group-1.prefab using Guid(2ebdc32c603c0f74a8df3ff23c55e8e0) Importer(815301076,1909f56bfc062723c751e8b465ee728b)  -> (artifact id: '6910413e32f495f76a10dcd0d0728f7e') in 0.030236 seconds 
========================================================================
Received Import Request.
  Time since last request: 0.000071 seconds.
  path: Assets/Models/Assets_FenceChained/prefabs/chainlink_barbwire-3.prefab
  artifactKey: Guid(a52d55d99a7b23e42b2d401f956a3e52) Importer(815301076,1909f56bfc062723c751e8b465ee728b)
Start importing Assets/Models/Assets_FenceChained/prefabs/chainlink_barbwire-3.prefab using Guid(a52d55d99a7b23e42b2d401f956a3e52) Importer(815301076,1909f56bfc062723c751e8b465ee728b)  -> (artifact id: '272cedb6160c6a40d824ec16b9f11e19') in 0.022618 seconds 
========================================================================
Received Import Request.
  Time since last request: 0.000030 seconds.
  path: Assets/Models/Assets_FenceChained/prefabs/chainlink_single.prefab
  artifactKey: Guid(ecc15abaa2d4963428bdf7fc9eb09410) Importer(815301076,1909f56bfc062723c751e8b465ee728b)
Start importing Assets/Models/Assets_FenceChained/prefabs/chainlink_single.prefab using Guid(ecc15abaa2d4963428bdf7fc9eb09410) Importer(815301076,1909f56bfc062723c751e8b465ee728b)  -> (artifact id: 'cabf08912808f6c1a07fbd8101d54954') in 0.017358 seconds 
========================================================================
Received Import Request.
  Time since last request: 0.000018 seconds.
  path: Assets/Models/Assets_FenceChained/prefabs/chainlink_group-3.prefab
  artifactKey: Guid(377c57e9ef0ee0e46a586ad087ef386b) Importer(815301076,1909f56bfc062723c751e8b465ee728b)
Start importing Assets/Models/Assets_FenceChained/prefabs/chainlink_group-3.prefab using Guid(377c57e9ef0ee0e46a586ad087ef386b) Importer(815301076,1909f56bfc062723c751e8b465ee728b)  -> (artifact id: 'b474aafcf1d9015208db0c15ae78b59c') in 0.023486 seconds 
========================================================================
Received Import Request.
  Time since last request: 0.000023 seconds.
  path: Assets/Models/Assets_FenceChained/prefabs/chainlink_group-2.prefab
  artifactKey: Guid(df9c3c7aaeeef154bb7184ad6f179ece) Importer(815301076,1909f56bfc062723c751e8b465ee728b)
Start importing Assets/Models/Assets_FenceChained/prefabs/chainlink_group-2.prefab using Guid(df9c3c7aaeeef154bb7184ad6f179ece) Importer(815301076,1909f56bfc062723c751e8b465ee728b)  -> (artifact id: '2ef6f7facd2631a30b39195d1eaa7e16') in 0.018892 seconds 
Editor requested this worker to shutdown with reason: Scaling down because of idle timeout
AssetImportWorker is now disconnected from the server
Process exiting
Exiting without the bug reporter. Application will terminate with return code 0